Flow report for DE2_CCD
Thu May 16 17:07:55 2019
Quartus Prime Version 18.0.0 Build 614 04/24/2018 SJ Lite Edition


---------------------
; Table of Contents ;
---------------------
  1. Legal Notice
  2. Flow Summary
  3. Flow Settings
  4. Flow Non-Default Global Settings
  5. Flow Elapsed Time
  6. Flow OS Summary
  7. Flow Log
  8. Flow Messages
  9. Flow Suppressed Messages



----------------
; Legal Notice ;
----------------
Copyright (C) 2018  Intel Corporation. All rights reserved.
Your use of Intel Corporation's design tools, logic functions 
and other software and tools, and its AMPP partner logic 
functions, and any output files from any of the foregoing 
(including device programming or simulation files), and any 
associated documentation or information are expressly subject 
to the terms and conditions of the Intel Program License 
Subscription Agreement, the Intel Quartus Prime License Agreement,
the Intel FPGA IP License Agreement, or other applicable license
agreement, including, without limitation, that your use is for
the sole purpose of programming logic devices manufactured by
Intel and sold by Intel or its authorized distributors.  Please
refer to the applicable agreement for further details.



+----------------------------------------------------------------------------------+
; Flow Summary                                                                     ;
+------------------------------------+---------------------------------------------+
; Flow Status                        ; Successful - Thu May 16 17:07:55 2019       ;
; Quartus Prime Version              ; 18.0.0 Build 614 04/24/2018 SJ Lite Edition ;
; Revision Name                      ; DE2_CCD                                     ;
; Top-level Entity Name              ; DE2_CCD                                     ;
; Family                             ; Cyclone IV E                                ;
; Device                             ; EP4CE115F29C7                               ;
; Timing Models                      ; Final                                       ;
; Total logic elements               ; 4,534 / 114,480 ( 4 % )                     ;
;     Total combinational functions  ; 3,842 / 114,480 ( 3 % )                     ;
;     Dedicated logic registers      ; 2,595 / 114,480 ( 2 % )                     ;
; Total registers                    ; 2607                                        ;
; Total pins                         ; 241 / 529 ( 46 % )                          ;
; Total virtual pins                 ; 0                                           ;
; Total memory bits                  ; 919,288 / 3,981,312 ( 23 % )                ;
; Embedded Multiplier 9-bit elements ; 4 / 532 ( < 1 % )                           ;
; Total PLLs                         ; 1 / 4 ( 25 % )                              ;
+------------------------------------+---------------------------------------------+


+-----------------------------------------+
; Flow Settings                           ;
+-------------------+---------------------+
; Option            ; Setting             ;
+-------------------+---------------------+
; Start date & time ; 05/16/2019 17:05:14 ;
; Main task         ; Compilation         ;
; Revision Name     ; DE2_CCD             ;
+-------------------+---------------------+


+------------------------------------------------------------------------------------------------------------------------------------------------------------------------------------------------------+
; Flow Non-Default Global Settings                                                                                                                                                                     ;
+--------------------------------------+--------------------------------------------------------------------------------------------+---------------+---------------------------+----------------------+
; Assignment Name                      ; Value                                                                                      ; Default Value ; Entity Name               ; Section Id           ;
+--------------------------------------+--------------------------------------------------------------------------------------------+---------------+---------------------------+----------------------+
; COMPILER_SIGNATURE_ID                ; 137098622126655.155804071306300                                                            ; --            ; --                        ; --                   ;
; EDA_DESIGN_INSTANCE_NAME             ; NA                                                                                         ; --            ; --                        ; testbench_lcd        ;
; EDA_DESIGN_INSTANCE_NAME             ; NA                                                                                         ; --            ; --                        ; testbench_comparator ;
; EDA_DESIGN_INSTANCE_NAME             ; NA                                                                                         ; --            ; --                        ; testbench            ;
; EDA_NATIVELINK_SIMULATION_TEST_BENCH ; testbench_comparator                                                                       ; --            ; --                        ; eda_simulation       ;
; EDA_OUTPUT_DATA_FORMAT               ; Systemverilog Hdl                                                                          ; --            ; --                        ; eda_simulation       ;
; EDA_SIMULATION_TOOL                  ; ModelSim-Altera (SystemVerilog)                                                            ; <None>        ; --                        ; --                   ;
; EDA_TEST_BENCH_ENABLE_STATUS         ; TEST_BENCH_MODE                                                                            ; --            ; --                        ; eda_simulation       ;
; EDA_TEST_BENCH_FILE                  ; testbench_lcd.sv                                                                           ; --            ; --                        ; testbench_lcd        ;
; EDA_TEST_BENCH_FILE                  ; testbench_comparator.sv                                                                    ; --            ; --                        ; testbench_comparator ;
; EDA_TEST_BENCH_FILE                  ; testbench.sv                                                                               ; --            ; --                        ; testbench            ;
; EDA_TEST_BENCH_MODULE_NAME           ; testbench_lcd                                                                              ; --            ; --                        ; testbench_lcd        ;
; EDA_TEST_BENCH_MODULE_NAME           ; testbench_comparator                                                                       ; --            ; --                        ; testbench_comparator ;
; EDA_TEST_BENCH_MODULE_NAME           ; testbench                                                                                  ; --            ; --                        ; testbench            ;
; EDA_TEST_BENCH_NAME                  ; testbench                                                                                  ; --            ; --                        ; eda_simulation       ;
; EDA_TEST_BENCH_NAME                  ; testbench_lcd                                                                              ; --            ; --                        ; eda_simulation       ;
; EDA_TEST_BENCH_NAME                  ; testbench_comparator                                                                       ; --            ; --                        ; eda_simulation       ;
; EDA_TEST_BENCH_RUN_SIM_FOR           ; 20 us                                                                                      ; --            ; --                        ; testbench_lcd        ;
; EDA_TEST_BENCH_RUN_SIM_FOR           ; 1000 ns                                                                                    ; --            ; --                        ; testbench_comparator ;
; EDA_TEST_BENCH_RUN_SIM_FOR           ; 2000 ns                                                                                    ; --            ; --                        ; testbench            ;
; EDA_TIME_SCALE                       ; 1 ps                                                                                       ; --            ; --                        ; eda_simulation       ;
; MAX_CORE_JUNCTION_TEMP               ; 85                                                                                         ; --            ; --                        ; --                   ;
; MIN_CORE_JUNCTION_TEMP               ; 0                                                                                          ; --            ; --                        ; --                   ;
; MISC_FILE                            ; usb_nios_ball/on_chip_fsm/synthesis/../on_chip_fsm.cmp                                     ; --            ; --                        ; --                   ;
; MISC_FILE                            ; usb_nios_ball/on_chip_fsm/synthesis/../../on_chip_fsm.qsys                                 ; --            ; --                        ; --                   ;
; MISC_FILE                            ; usb_nios_ball/on_chip_with_keyboard_pio/synthesis/../on_chip_with_keyboard_pio.cmp         ; --            ; --                        ; --                   ;
; MISC_FILE                            ; usb_nios_ball/on_chip_with_keyboard_pio/synthesis/../../on_chip_with_keyboard_pio.qsys     ; --            ; --                        ; --                   ;
; MISC_FILE                            ; my_Line_Buffer.bsf                                                                         ; --            ; --                        ; --                   ;
; MISC_FILE                            ; my_Line_Buffer_bb.v                                                                        ; --            ; --                        ; --                   ;
; MISC_FILE                            ; my_Stack_RAM.bsf                                                                           ; --            ; --                        ; --                   ;
; MISC_FILE                            ; my_Stack_RAM_bb.v                                                                          ; --            ; --                        ; --                   ;
; MISC_FILE                            ; Sdram_Control_4Port/my_Sdram_RD_FIFO.bsf                                                   ; --            ; --                        ; --                   ;
; MISC_FILE                            ; Sdram_Control_4Port/my_Sdram_RD_FIFO_bb.v                                                  ; --            ; --                        ; --                   ;
; MISC_FILE                            ; Sdram_Control_4Port/my_Sdram_WR_FIFO.bsf                                                   ; --            ; --                        ; --                   ;
; MISC_FILE                            ; Sdram_Control_4Port/my_Sdram_WR_FIFO_bb.v                                                  ; --            ; --                        ; --                   ;
; MISC_FILE                            ; Sdram_Control_4Port/my_Sdram_PLL.bsf                                                       ; --            ; --                        ; --                   ;
; MISC_FILE                            ; Sdram_Control_4Port/my_Sdram_PLL_bb.v                                                      ; --            ; --                        ; --                   ;
; MISC_FILE                            ; Sdram_Control_4Port/my_Sdram_PLL.ppf                                                       ; --            ; --                        ; --                   ;
; PARTITION_COLOR                      ; -- (Not supported for targeted family)                                                     ; --            ; --                        ; Top                  ;
; PARTITION_COLOR                      ; -- (Not supported for targeted family)                                                     ; --            ; LCD_test                  ; Top                  ;
; PARTITION_FITTER_PRESERVATION_LEVEL  ; -- (Not supported for targeted family)                                                     ; --            ; --                        ; Top                  ;
; PARTITION_FITTER_PRESERVATION_LEVEL  ; -- (Not supported for targeted family)                                                     ; --            ; LCD_test                  ; Top                  ;
; PARTITION_NETLIST_TYPE               ; -- (Not supported for targeted family)                                                     ; --            ; --                        ; Top                  ;
; PARTITION_NETLIST_TYPE               ; -- (Not supported for targeted family)                                                     ; --            ; LCD_test                  ; Top                  ;
; POWER_BOARD_THERMAL_MODEL            ; None (CONSERVATIVE)                                                                        ; --            ; --                        ; --                   ;
; POWER_PRESET_COOLING_SOLUTION        ; 23 MM HEAT SINK WITH 200 LFPM AIRFLOW                                                      ; --            ; --                        ; --                   ;
; SLD_FILE                             ; usb_nios_ball/on_chip_fsm/synthesis/on_chip_fsm.regmap                                     ; --            ; --                        ; --                   ;
; SLD_FILE                             ; usb_nios_ball/on_chip_fsm/synthesis/on_chip_fsm.debuginfo                                  ; --            ; --                        ; --                   ;
; SLD_FILE                             ; usb_nios_ball/on_chip_with_keyboard_pio/synthesis/on_chip_with_keyboard_pio.regmap         ; --            ; --                        ; --                   ;
; SLD_FILE                             ; usb_nios_ball/on_chip_with_keyboard_pio/synthesis/on_chip_with_keyboard_pio.debuginfo      ; --            ; --                        ; --                   ;
; SLD_INFO                             ; QSYS_NAME on_chip_fsm HAS_SOPCINFO 1 GENERATION_ID 1556590621                              ; --            ; on_chip_fsm               ; --                   ;
; SLD_INFO                             ; QSYS_NAME on_chip_with_keyboard_pio HAS_SOPCINFO 1 GENERATION_ID 1556243151                ; --            ; on_chip_with_keyboard_pio ; --                   ;
; SOPCINFO_FILE                        ; usb_nios_ball/on_chip_fsm/synthesis/../../on_chip_fsm.sopcinfo                             ; --            ; --                        ; --                   ;
; SOPCINFO_FILE                        ; usb_nios_ball/on_chip_with_keyboard_pio/synthesis/../../on_chip_with_keyboard_pio.sopcinfo ; --            ; --                        ; --                   ;
; SYNTHESIS_ONLY_QIP                   ; On                                                                                         ; --            ; --                        ; --                   ;
; SYNTHESIS_ONLY_QIP                   ; On                                                                                         ; --            ; --                        ; --                   ;
+--------------------------------------+--------------------------------------------------------------------------------------------+---------------+---------------------------+----------------------+


+--------------------------------------------------------------------------------------------------------------------------+
; Flow Elapsed Time                                                                                                        ;
+----------------------+--------------+-------------------------+---------------------+------------------------------------+
; Module Name          ; Elapsed Time ; Average Processors Used ; Peak Virtual Memory ; Total CPU Time (on all processors) ;
+----------------------+--------------+-------------------------+---------------------+------------------------------------+
; Analysis & Synthesis ; 00:01:06     ; 1.0                     ; 5040 MB             ; 00:01:24                           ;
; Fitter               ; 00:00:53     ; 1.1                     ; 5625 MB             ; 00:01:00                           ;
; Assembler            ; 00:00:06     ; 1.0                     ; 4732 MB             ; 00:00:06                           ;
; Timing Analyzer      ; 00:00:09     ; 1.2                     ; 4910 MB             ; 00:00:08                           ;
; EDA Netlist Writer   ; 00:00:10     ; 1.0                     ; 4748 MB             ; 00:00:08                           ;
; Total                ; 00:02:24     ; --                      ; --                  ; 00:02:46                           ;
+----------------------+--------------+-------------------------+---------------------+------------------------------------+


+------------------------------------------------------------------------------------+
; Flow OS Summary                                                                    ;
+----------------------+------------------+------------+------------+----------------+
; Module Name          ; Machine Hostname ; OS Name    ; OS Version ; Processor type ;
+----------------------+------------------+------------+------------+----------------+
; Analysis & Synthesis ; DESKTOP-J1UQGL0  ; Windows 10 ; 10.0       ; x86_64         ;
; Fitter               ; DESKTOP-J1UQGL0  ; Windows 10 ; 10.0       ; x86_64         ;
; Assembler            ; DESKTOP-J1UQGL0  ; Windows 10 ; 10.0       ; x86_64         ;
; Timing Analyzer      ; DESKTOP-J1UQGL0  ; Windows 10 ; 10.0       ; x86_64         ;
; EDA Netlist Writer   ; DESKTOP-J1UQGL0  ; Windows 10 ; 10.0       ; x86_64         ;
+----------------------+------------------+------------+------------+----------------+


------------
; Flow Log ;
------------
quartus_map --read_settings_files=on --write_settings_files=off DE2_CCD -c DE2_CCD
quartus_fit --read_settings_files=off --write_settings_files=off DE2_CCD -c DE2_CCD
quartus_asm --read_settings_files=off --write_settings_files=off DE2_CCD -c DE2_CCD
quartus_sta DE2_CCD -c DE2_CCD
quartus_eda --read_settings_files=off --write_settings_files=off DE2_CCD -c DE2_CCD



