Info: Starting: Create block symbol file (.bsf)
Info: qsys-generate C:\Users\neelo\Desktop\ece385-final-master\usb_nios_ball\on_chip_with_keyboard_pio.qsys --block-symbol-file --output-directory=C:\Users\neelo\Desktop\ece385-final-master\usb_nios_ball\on_chip_with_keyboard_pio --family="Cyclone IV E" --part=EP4CE115F29C7
Progress: Loading usb_nios_ball/on_chip_with_keyboard_pio.qsys
Progress: Reading input file
Progress: Adding blue [altera_avalon_pio 18.0]
Progress: Parameterizing module blue
Progress: Adding clk_0 [clock_source 18.0]
Progress: Parameterizing module clk_0
Progress: Adding exposure [altera_avalon_pio 18.0]
Progress: Parameterizing module exposure
Progress: Adding green1 [altera_avalon_pio 18.0]
Progress: Parameterizing module green1
Progress: Adding green2 [altera_avalon_pio 18.0]
Progress: Parameterizing module green2
Progress: Adding jtag_uart_0 [altera_avalon_jtag_uart 18.0]
Progress: Parameterizing module jtag_uart_0
Progress: Adding mouse_click [altera_avalon_pio 18.0]
Progress: Parameterizing module mouse_click
Progress: Adding mouse_x [altera_avalon_pio 18.0]
Progress: Parameterizing module mouse_x
Progress: Adding mouse_y [altera_avalon_pio 18.0]
Progress: Parameterizing module mouse_y
Progress: Adding nios2_gen2_0 [altera_nios2_gen2 18.0]
Progress: Parameterizing module nios2_gen2_0
Progress: Adding onchip_memory2_0 [altera_avalon_onchip_memory2 18.0]
Progress: Parameterizing module onchip_memory2_0
Progress: Adding otg_hpi_address [altera_avalon_pio 18.0]
Progress: Parameterizing module otg_hpi_address
Progress: Adding otg_hpi_cs [altera_avalon_pio 18.0]
Progress: Parameterizing module otg_hpi_cs
Progress: Adding otg_hpi_data [altera_avalon_pio 18.0]
Progress: Parameterizing module otg_hpi_data
Progress: Adding otg_hpi_r [altera_avalon_pio 18.0]
Progress: Parameterizing module otg_hpi_r
Progress: Adding otg_hpi_reset [altera_avalon_pio 18.0]
Progress: Parameterizing module otg_hpi_reset
Progress: Adding otg_hpi_w [altera_avalon_pio 18.0]
Progress: Parameterizing module otg_hpi_w
Progress: Adding red [altera_avalon_pio 18.0]
Progress: Parameterizing module red
Progress: Adding sdram [altera_avalon_new_sdram_controller 18.0]
Progress: Parameterizing module sdram
Progress: Adding sdram_pll [altpll 18.0]
Progress: Parameterizing module sdram_pll
Progress: Adding sram [altera_up_avalon_sram 18.0]
Progress: Parameterizing module sram
Progress: Adding sysid_qsys_0 [altera_avalon_sysid_qsys 18.0]
Progress: Parameterizing module sysid_qsys_0
Progress: Building connections
Progress: Parameterizing connections
Progress: Validating
Progress: Done reading input file
Info: on_chip_with_keyboard_pio.jtag_uart_0: JTAG UART IP input clock need to be at least double (2x) the operating frequency of JTAG TCK on board
Info: on_chip_with_keyboard_pio.otg_hpi_data: PIO inputs are not hardwired in test bench. Undefined values will be read from PIO inputs during simulation.
Info: on_chip_with_keyboard_pio.sysid_qsys_0: System ID is not assigned automatically. Edit the System ID parameter to provide a unique ID
Info: on_chip_with_keyboard_pio.sysid_qsys_0: Time stamp will be automatically updated when this component is generated.
Info: qsys-generate succeeded.
Info: Finished: Create block symbol file (.bsf)
Info: 
Info: Starting: Create HDL design files for synthesis
Info: qsys-generate C:\Users\neelo\Desktop\ece385-final-master\usb_nios_ball\on_chip_with_keyboard_pio.qsys --synthesis=VERILOG --output-directory=C:\Users\neelo\Desktop\ece385-final-master\usb_nios_ball\on_chip_with_keyboard_pio\synthesis --family="Cyclone IV E" --part=EP4CE115F29C7
Progress: Loading usb_nios_ball/on_chip_with_keyboard_pio.qsys
Progress: Reading input file
Progress: Adding blue [altera_avalon_pio 18.0]
Progress: Parameterizing module blue
Progress: Adding clk_0 [clock_source 18.0]
Progress: Parameterizing module clk_0
Progress: Adding exposure [altera_avalon_pio 18.0]
Progress: Parameterizing module exposure
Progress: Adding green1 [altera_avalon_pio 18.0]
Progress: Parameterizing module green1
Progress: Adding green2 [altera_avalon_pio 18.0]
Progress: Parameterizing module green2
Progress: Adding jtag_uart_0 [altera_avalon_jtag_uart 18.0]
Progress: Parameterizing module jtag_uart_0
Progress: Adding mouse_click [altera_avalon_pio 18.0]
Progress: Parameterizing module mouse_click
Progress: Adding mouse_x [altera_avalon_pio 18.0]
Progress: Parameterizing module mouse_x
Progress: Adding mouse_y [altera_avalon_pio 18.0]
Progress: Parameterizing module mouse_y
Progress: Adding nios2_gen2_0 [altera_nios2_gen2 18.0]
Progress: Parameterizing module nios2_gen2_0
Progress: Adding onchip_memory2_0 [altera_avalon_onchip_memory2 18.0]
Progress: Parameterizing module onchip_memory2_0
Progress: Adding otg_hpi_address [altera_avalon_pio 18.0]
Progress: Parameterizing module otg_hpi_address
Progress: Adding otg_hpi_cs [altera_avalon_pio 18.0]
Progress: Parameterizing module otg_hpi_cs
Progress: Adding otg_hpi_data [altera_avalon_pio 18.0]
Progress: Parameterizing module otg_hpi_data
Progress: Adding otg_hpi_r [altera_avalon_pio 18.0]
Progress: Parameterizing module otg_hpi_r
Progress: Adding otg_hpi_reset [altera_avalon_pio 18.0]
Progress: Parameterizing module otg_hpi_reset
Progress: Adding otg_hpi_w [altera_avalon_pio 18.0]
Progress: Parameterizing module otg_hpi_w
Progress: Adding red [altera_avalon_pio 18.0]
Progress: Parameterizing module red
Progress: Adding sdram [altera_avalon_new_sdram_controller 18.0]
Progress: Parameterizing module sdram
Progress: Adding sdram_pll [altpll 18.0]
Progress: Parameterizing module sdram_pll
Progress: Adding sram [altera_up_avalon_sram 18.0]
Progress: Parameterizing module sram
Progress: Adding sysid_qsys_0 [altera_avalon_sysid_qsys 18.0]
Progress: Parameterizing module sysid_qsys_0
Progress: Building connections
Progress: Parameterizing connections
Progress: Validating
Progress: Done reading input file
Info: on_chip_with_keyboard_pio.jtag_uart_0: JTAG UART IP input clock need to be at least double (2x) the operating frequency of JTAG TCK on board
Info: on_chip_with_keyboard_pio.otg_hpi_data: PIO inputs are not hardwired in test bench. Undefined values will be read from PIO inputs during simulation.
Info: on_chip_with_keyboard_pio.sysid_qsys_0: System ID is not assigned automatically. Edit the System ID parameter to provide a unique ID
Info: on_chip_with_keyboard_pio.sysid_qsys_0: Time stamp will be automatically updated when this component is generated.
Info: on_chip_with_keyboard_pio: Generating on_chip_with_keyboard_pio "on_chip_with_keyboard_pio" for QUARTUS_SYNTH
Info: blue: Starting RTL generation for module 'on_chip_with_keyboard_pio_blue'
Info: blue:   Generation command is [exec C:/intelfpga_lite/18.0/quartus/bin64/perl/bin/perl.exe -I C:/intelfpga_lite/18.0/quartus/bin64/perl/lib -I C:/intelfpga_lite/18.0/quartus/sopc_builder/bin/europa -I C:/intelfpga_lite/18.0/quartus/sopc_builder/bin/perl_lib -I C:/intelfpga_lite/18.0/quartus/sopc_builder/bin -I C:/intelfpga_lite/18.0/quartus/../ip/altera/sopc_builder_ip/common -I C:/intelfpga_lite/18.0/quartus/../ip/altera/sopc_builder_ip/altera_avalon_pio -- C:/intelfpga_lite/18.0/quartus/../ip/altera/sopc_builder_ip/altera_avalon_pio/generate_rtl.pl --name=on_chip_with_keyboard_pio_blue --dir=C:/Users/neelo/AppData/Local/Temp/alt8012_1529481023610298668.dir/0002_blue_gen/ --quartus_dir=C:/intelfpga_lite/18.0/quartus --verilog --config=C:/Users/neelo/AppData/Local/Temp/alt8012_1529481023610298668.dir/0002_blue_gen//on_chip_with_keyboard_pio_blue_component_configuration.pl  --do_build_sim=0  ]
Info: blue: Done RTL generation for module 'on_chip_with_keyboard_pio_blue'
Info: blue: "on_chip_with_keyboard_pio" instantiated altera_avalon_pio "blue"
Info: jtag_uart_0: Starting RTL generation for module 'on_chip_with_keyboard_pio_jtag_uart_0'
Info: jtag_uart_0:   Generation command is [exec C:/intelfpga_lite/18.0/quartus/bin64/perl/bin/perl.exe -I C:/intelfpga_lite/18.0/quartus/bin64/perl/lib -I C:/intelfpga_lite/18.0/quartus/sopc_builder/bin/europa -I C:/intelfpga_lite/18.0/quartus/sopc_builder/bin/perl_lib -I C:/intelfpga_lite/18.0/quartus/sopc_builder/bin -I C:/intelfpga_lite/18.0/quartus/../ip/altera/sopc_builder_ip/common -I C:/intelfpga_lite/18.0/quartus/../ip/altera/sopc_builder_ip/altera_avalon_jtag_uart -- C:/intelfpga_lite/18.0/quartus/../ip/altera/sopc_builder_ip/altera_avalon_jtag_uart/generate_rtl.pl --name=on_chip_with_keyboard_pio_jtag_uart_0 --dir=C:/Users/neelo/AppData/Local/Temp/alt8012_1529481023610298668.dir/0003_jtag_uart_0_gen/ --quartus_dir=C:/intelfpga_lite/18.0/quartus --verilog --config=C:/Users/neelo/AppData/Local/Temp/alt8012_1529481023610298668.dir/0003_jtag_uart_0_gen//on_chip_with_keyboard_pio_jtag_uart_0_component_configuration.pl  --do_build_sim=0  ]
Info: jtag_uart_0: Done RTL generation for module 'on_chip_with_keyboard_pio_jtag_uart_0'
Info: jtag_uart_0: "on_chip_with_keyboard_pio" instantiated altera_avalon_jtag_uart "jtag_uart_0"
Info: mouse_click: Starting RTL generation for module 'on_chip_with_keyboard_pio_mouse_click'
Info: mouse_click:   Generation command is [exec C:/intelfpga_lite/18.0/quartus/bin64/perl/bin/perl.exe -I C:/intelfpga_lite/18.0/quartus/bin64/perl/lib -I C:/intelfpga_lite/18.0/quartus/sopc_builder/bin/europa -I C:/intelfpga_lite/18.0/quartus/sopc_builder/bin/perl_lib -I C:/intelfpga_lite/18.0/quartus/sopc_builder/bin -I C:/intelfpga_lite/18.0/quartus/../ip/altera/sopc_builder_ip/common -I C:/intelfpga_lite/18.0/quartus/../ip/altera/sopc_builder_ip/altera_avalon_pio -- C:/intelfpga_lite/18.0/quartus/../ip/altera/sopc_builder_ip/altera_avalon_pio/generate_rtl.pl --name=on_chip_with_keyboard_pio_mouse_click --dir=C:/Users/neelo/AppData/Local/Temp/alt8012_1529481023610298668.dir/0004_mouse_click_gen/ --quartus_dir=C:/intelfpga_lite/18.0/quartus --verilog --config=C:/Users/neelo/AppData/Local/Temp/alt8012_1529481023610298668.dir/0004_mouse_click_gen//on_chip_with_keyboard_pio_mouse_click_component_configuration.pl  --do_build_sim=0  ]
Info: mouse_click: Done RTL generation for module 'on_chip_with_keyboard_pio_mouse_click'
Info: mouse_click: "on_chip_with_keyboard_pio" instantiated altera_avalon_pio "mouse_click"
Info: mouse_x: Starting RTL generation for module 'on_chip_with_keyboard_pio_mouse_x'
Info: mouse_x:   Generation command is [exec C:/intelfpga_lite/18.0/quartus/bin64/perl/bin/perl.exe -I C:/intelfpga_lite/18.0/quartus/bin64/perl/lib -I C:/intelfpga_lite/18.0/quartus/sopc_builder/bin/europa -I C:/intelfpga_lite/18.0/quartus/sopc_builder/bin/perl_lib -I C:/intelfpga_lite/18.0/quartus/sopc_builder/bin -I C:/intelfpga_lite/18.0/quartus/../ip/altera/sopc_builder_ip/common -I C:/intelfpga_lite/18.0/quartus/../ip/altera/sopc_builder_ip/altera_avalon_pio -- C:/intelfpga_lite/18.0/quartus/../ip/altera/sopc_builder_ip/altera_avalon_pio/generate_rtl.pl --name=on_chip_with_keyboard_pio_mouse_x --dir=C:/Users/neelo/AppData/Local/Temp/alt8012_1529481023610298668.dir/0005_mouse_x_gen/ --quartus_dir=C:/intelfpga_lite/18.0/quartus --verilog --config=C:/Users/neelo/AppData/Local/Temp/alt8012_1529481023610298668.dir/0005_mouse_x_gen//on_chip_with_keyboard_pio_mouse_x_component_configuration.pl  --do_build_sim=0  ]
Info: mouse_x: Done RTL generation for module 'on_chip_with_keyboard_pio_mouse_x'
Info: mouse_x: "on_chip_with_keyboard_pio" instantiated altera_avalon_pio "mouse_x"
Info: nios2_gen2_0: "on_chip_with_keyboard_pio" instantiated altera_nios2_gen2 "nios2_gen2_0"
Info: onchip_memory2_0: Starting RTL generation for module 'on_chip_with_keyboard_pio_onchip_memory2_0'
Info: onchip_memory2_0:   Generation command is [exec C:/intelfpga_lite/18.0/quartus/bin64/perl/bin/perl.exe -I C:/intelfpga_lite/18.0/quartus/bin64/perl/lib -I C:/intelfpga_lite/18.0/quartus/sopc_builder/bin/europa -I C:/intelfpga_lite/18.0/quartus/sopc_builder/bin/perl_lib -I C:/intelfpga_lite/18.0/quartus/sopc_builder/bin -I C:/intelfpga_lite/18.0/quartus/../ip/altera/sopc_builder_ip/common -I C:/intelfpga_lite/18.0/quartus/../ip/altera/sopc_builder_ip/altera_avalon_onchip_memory2 -- C:/intelfpga_lite/18.0/quartus/../ip/altera/sopc_builder_ip/altera_avalon_onchip_memory2/generate_rtl.pl --name=on_chip_with_keyboard_pio_onchip_memory2_0 --dir=C:/Users/neelo/AppData/Local/Temp/alt8012_1529481023610298668.dir/0006_onchip_memory2_0_gen/ --quartus_dir=C:/intelfpga_lite/18.0/quartus --verilog --config=C:/Users/neelo/AppData/Local/Temp/alt8012_1529481023610298668.dir/0006_onchip_memory2_0_gen//on_chip_with_keyboard_pio_onchip_memory2_0_component_configuration.pl  --do_build_sim=0  ]
Info: onchip_memory2_0: Done RTL generation for module 'on_chip_with_keyboard_pio_onchip_memory2_0'
Info: onchip_memory2_0: "on_chip_with_keyboard_pio" instantiated altera_avalon_onchip_memory2 "onchip_memory2_0"
Info: otg_hpi_address: Starting RTL generation for module 'on_chip_with_keyboard_pio_otg_hpi_address'
Info: otg_hpi_address:   Generation command is [exec C:/intelfpga_lite/18.0/quartus/bin64/perl/bin/perl.exe -I C:/intelfpga_lite/18.0/quartus/bin64/perl/lib -I C:/intelfpga_lite/18.0/quartus/sopc_builder/bin/europa -I C:/intelfpga_lite/18.0/quartus/sopc_builder/bin/perl_lib -I C:/intelfpga_lite/18.0/quartus/sopc_builder/bin -I C:/intelfpga_lite/18.0/quartus/../ip/altera/sopc_builder_ip/common -I C:/intelfpga_lite/18.0/quartus/../ip/altera/sopc_builder_ip/altera_avalon_pio -- C:/intelfpga_lite/18.0/quartus/../ip/altera/sopc_builder_ip/altera_avalon_pio/generate_rtl.pl --name=on_chip_with_keyboard_pio_otg_hpi_address --dir=C:/Users/neelo/AppData/Local/Temp/alt8012_1529481023610298668.dir/0007_otg_hpi_address_gen/ --quartus_dir=C:/intelfpga_lite/18.0/quartus --verilog --config=C:/Users/neelo/AppData/Local/Temp/alt8012_1529481023610298668.dir/0007_otg_hpi_address_gen//on_chip_with_keyboard_pio_otg_hpi_address_component_configuration.pl  --do_build_sim=0  ]
Info: otg_hpi_address: Done RTL generation for module 'on_chip_with_keyboard_pio_otg_hpi_address'
Info: otg_hpi_address: "on_chip_with_keyboard_pio" instantiated altera_avalon_pio "otg_hpi_address"
Info: otg_hpi_data: Starting RTL generation for module 'on_chip_with_keyboard_pio_otg_hpi_data'
Info: otg_hpi_data:   Generation command is [exec C:/intelfpga_lite/18.0/quartus/bin64/perl/bin/perl.exe -I C:/intelfpga_lite/18.0/quartus/bin64/perl/lib -I C:/intelfpga_lite/18.0/quartus/sopc_builder/bin/europa -I C:/intelfpga_lite/18.0/quartus/sopc_builder/bin/perl_lib -I C:/intelfpga_lite/18.0/quartus/sopc_builder/bin -I C:/intelfpga_lite/18.0/quartus/../ip/altera/sopc_builder_ip/common -I C:/intelfpga_lite/18.0/quartus/../ip/altera/sopc_builder_ip/altera_avalon_pio -- C:/intelfpga_lite/18.0/quartus/../ip/altera/sopc_builder_ip/altera_avalon_pio/generate_rtl.pl --name=on_chip_with_keyboard_pio_otg_hpi_data --dir=C:/Users/neelo/AppData/Local/Temp/alt8012_1529481023610298668.dir/0008_otg_hpi_data_gen/ --quartus_dir=C:/intelfpga_lite/18.0/quartus --verilog --config=C:/Users/neelo/AppData/Local/Temp/alt8012_1529481023610298668.dir/0008_otg_hpi_data_gen//on_chip_with_keyboard_pio_otg_hpi_data_component_configuration.pl  --do_build_sim=0  ]
Info: otg_hpi_data: Done RTL generation for module 'on_chip_with_keyboard_pio_otg_hpi_data'
Info: otg_hpi_data: "on_chip_with_keyboard_pio" instantiated altera_avalon_pio "otg_hpi_data"
Info: sysid_qsys_0: "on_chip_with_keyboard_pio" instantiated altera_avalon_sysid_qsys "sysid_qsys_0"
Info: avalon_st_adapter: Inserting error_adapter: error_adapter_0
Info: avalon_st_adapter_001: Inserting error_adapter: error_adapter_0
Info: avalon_st_adapter_002: Inserting error_adapter: error_adapter_0
Info: avalon_st_adapter_003: Inserting error_adapter: error_adapter_0
Info: avalon_st_adapter_004: Inserting error_adapter: error_adapter_0
Info: avalon_st_adapter_005: Inserting error_adapter: error_adapter_0
Info: avalon_st_adapter_006: Inserting error_adapter: error_adapter_0
Info: avalon_st_adapter_007: Inserting error_adapter: error_adapter_0
Info: avalon_st_adapter_008: Inserting error_adapter: error_adapter_0
Info: avalon_st_adapter_009: Inserting error_adapter: error_adapter_0
Info: avalon_st_adapter_010: Inserting error_adapter: error_adapter_0
Info: avalon_st_adapter_011: Inserting error_adapter: error_adapter_0
Info: avalon_st_adapter_012: Inserting error_adapter: error_adapter_0
Info: avalon_st_adapter_013: Inserting error_adapter: error_adapter_0
Info: avalon_st_adapter_014: Inserting error_adapter: error_adapter_0
Info: avalon_st_adapter_015: Inserting error_adapter: error_adapter_0
Info: avalon_st_adapter_016: Inserting error_adapter: error_adapter_0
Info: avalon_st_adapter_017: Inserting error_adapter: error_adapter_0
Info: mm_interconnect_0: "on_chip_with_keyboard_pio" instantiated altera_mm_interconnect "mm_interconnect_0"
Info: irq_mapper: "on_chip_with_keyboard_pio" instantiated altera_irq_mapper "irq_mapper"
Info: rst_controller: "on_chip_with_keyboard_pio" instantiated altera_reset_controller "rst_controller"
Info: cpu: Starting RTL generation for module 'on_chip_with_keyboard_pio_nios2_gen2_0_cpu'
Info: cpu:   Generation command is [exec C:/intelFPGA_lite/18.0/quartus/bin64//eperlcmd.exe -I C:/intelFPGA_lite/18.0/quartus/bin64//perl/lib -I C:/intelfpga_lite/18.0/quartus/sopc_builder/bin/europa -I C:/intelfpga_lite/18.0/quartus/sopc_builder/bin/perl_lib -I C:/intelfpga_lite/18.0/quartus/sopc_builder/bin -I C:/intelfpga_lite/18.0/quartus/../ip/altera/nios2_ip/altera_nios2_gen2/cpu_lib -I C:/intelfpga_lite/18.0/quartus/../ip/altera/nios2_ip/altera_nios2_gen2/nios_lib -I C:/intelfpga_lite/18.0/quartus/../ip/altera/nios2_ip/altera_nios2_gen2 -I C:/intelfpga_lite/18.0/quartus/../ip/altera/nios2_ip/altera_nios2_gen2 -- C:/intelfpga_lite/18.0/quartus/../ip/altera/nios2_ip/altera_nios2_gen2/generate_rtl.epl --name=on_chip_with_keyboard_pio_nios2_gen2_0_cpu --dir=C:/Users/neelo/AppData/Local/Temp/alt8012_1529481023610298668.dir/0012_cpu_gen/ --quartus_bindir=C:/intelFPGA_lite/18.0/quartus/bin64/ --verilog --config=C:/Users/neelo/AppData/Local/Temp/alt8012_1529481023610298668.dir/0012_cpu_gen//on_chip_with_keyboard_pio_nios2_gen2_0_cpu_processor_configuration.pl  --do_build_sim=0  ]
Info: cpu: # 2019.04.25 20:46:16 (*) Starting Nios II generation
Info: cpu: # 2019.04.25 20:46:16 (*)   Checking for plaintext license.
Info: cpu: # 2019.04.25 20:46:17 (*)   Couldn't query license setup in Quartus directory C:/intelFPGA_lite/18.0/quartus/bin64/
Info: cpu: # 2019.04.25 20:46:17 (*)   Defaulting to contents of LM_LICENSE_FILE environment variable
Info: cpu: # 2019.04.25 20:46:17 (*)   LM_LICENSE_FILE environment variable is empty
Info: cpu: # 2019.04.25 20:46:17 (*)   Plaintext license not found.
Info: cpu: # 2019.04.25 20:46:17 (*)   No license required to generate encrypted Nios II/e.
Info: cpu: # 2019.04.25 20:46:17 (*)   Elaborating CPU configuration settings
Info: cpu: # 2019.04.25 20:46:17 (*)   Creating all objects for CPU
Info: cpu: # 2019.04.25 20:46:18 (*)   Generating RTL from CPU objects
Info: cpu: # 2019.04.25 20:46:18 (*)   Creating plain-text RTL
Info: cpu: # 2019.04.25 20:46:19 (*) Done Nios II generation
Info: cpu: Done RTL generation for module 'on_chip_with_keyboard_pio_nios2_gen2_0_cpu'
Info: cpu: "nios2_gen2_0" instantiated altera_nios2_gen2_unit "cpu"
Info: nios2_gen2_0_data_master_translator: "mm_interconnect_0" instantiated altera_merlin_master_translator "nios2_gen2_0_data_master_translator"
Info: jtag_uart_0_avalon_jtag_slave_translator: "mm_interconnect_0" instantiated altera_merlin_slave_translator "jtag_uart_0_avalon_jtag_slave_translator"
Info: nios2_gen2_0_data_master_agent: "mm_interconnect_0" instantiated altera_merlin_master_agent "nios2_gen2_0_data_master_agent"
Info: jtag_uart_0_avalon_jtag_slave_agent: "mm_interconnect_0" instantiated altera_merlin_slave_agent "jtag_uart_0_avalon_jtag_slave_agent"
Info: jtag_uart_0_avalon_jtag_slave_agent_rsp_fifo: "mm_interconnect_0" instantiated altera_avalon_sc_fifo "jtag_uart_0_avalon_jtag_slave_agent_rsp_fifo"
Info: router: "mm_interconnect_0" instantiated altera_merlin_router "router"
Info: router_001: "mm_interconnect_0" instantiated altera_merlin_router "router_001"
Info: router_002: "mm_interconnect_0" instantiated altera_merlin_router "router_002"
Info: router_003: "mm_interconnect_0" instantiated altera_merlin_router "router_003"
Info: cmd_demux: "mm_interconnect_0" instantiated altera_merlin_demultiplexer "cmd_demux"
Info: cmd_demux_001: "mm_interconnect_0" instantiated altera_merlin_demultiplexer "cmd_demux_001"
Info: cmd_mux: "mm_interconnect_0" instantiated altera_merlin_multiplexer "cmd_mux"
Info: cmd_mux_001: "mm_interconnect_0" instantiated altera_merlin_multiplexer "cmd_mux_001"
Info: Reusing file C:/Users/neelo/Desktop/ece385-final-master/usb_nios_ball/on_chip_with_keyboard_pio/synthesis/submodules/altera_merlin_arbitrator.sv
Info: rsp_demux: "mm_interconnect_0" instantiated altera_merlin_demultiplexer "rsp_demux"
Info: rsp_demux_001: "mm_interconnect_0" instantiated altera_merlin_demultiplexer "rsp_demux_001"
Info: rsp_mux: "mm_interconnect_0" instantiated altera_merlin_multiplexer "rsp_mux"
Info: Reusing file C:/Users/neelo/Desktop/ece385-final-master/usb_nios_ball/on_chip_with_keyboard_pio/synthesis/submodules/altera_merlin_arbitrator.sv
Info: rsp_mux_001: "mm_interconnect_0" instantiated altera_merlin_multiplexer "rsp_mux_001"
Info: Reusing file C:/Users/neelo/Desktop/ece385-final-master/usb_nios_ball/on_chip_with_keyboard_pio/synthesis/submodules/altera_merlin_arbitrator.sv
Info: avalon_st_adapter: "mm_interconnect_0" instantiated altera_avalon_st_adapter "avalon_st_adapter"
Info: error_adapter_0: "avalon_st_adapter" instantiated error_adapter "error_adapter_0"
Info: on_chip_with_keyboard_pio: Done "on_chip_with_keyboard_pio" with 33 modules, 45 files
Info: qsys-generate succeeded.
Info: Finished: Create HDL design files for synthesis
